This file contains any messages produced by compilers while
running configure, to aid debugging if configure makes a mistake.

It was created by configure, which was
generated by GNU Autoconf 2.52.  Invocation command line was

  $ ./configure --build=i386-linux --host=i386-linux --target=i386-linux

## ---------- ##
## Platform.  ##
## ---------- ##

hostname = pi24
uname -m = i686
uname -r = 2.4.0
uname -s = Linux
uname -v = #4 Mon Jan 22 13:05:55 CET 2001

/usr/bin/uname -p = unknown
/bin/uname -X     = unknown

/bin/arch              = i686
/usr/bin/arch -k       = unknown
/usr/convex/getsysinfo = unknown
hostinfo               = unknown
/bin/machine           = unknown
/usr/bin/oslevel       = unknown
/bin/universe          = unknown

PATH = /opt/kde3/bin:/opt/kde/bin:/usr/lib/qt/bin:/opt/kde/bin:/usr/lib/qt/bin:/usr/local/bin:/usr/bin:/usr/X11R6/bin:/bin:/usr/lib/java/bin:/var/lib/dosemu:/usr/games/bin:/usr/games:/opt/gnome/bin:/opt/kde/bin:/usr/openwin/bin:.:/opt/gnome/bin:/opt/pilotsdk/bin

## ------------ ##
## Core tests.  ##
## ------------ ##

configure:1258: PATH=".;."; conftest.sh
./configure: conftest.sh: command not found
configure:1261: $? = 127
configure:1303: checking build system type
configure:1321: result: i386-pc-linux-gnu
configure:1331: checking host system type
configure:1345: result: i386-pc-linux-gnu
configure:1355: checking target system type
configure:1369: result: i386-pc-linux-gnu
configure:1413: checking for a BSD compatible install
configure:1462: result: /usr/bin/ginstall -c
configure:1476: checking for -p flag to install
configure:1489: result: yes
configure:1500: checking whether build environment is sane
configure:1543: result: yes
configure:1564: checking for mawk
configure:1590: result: no
configure:1564: checking for gawk
configure:1579: found /usr/bin/gawk
configure:1587: result: gawk
configure:1597: checking whether make sets ${MAKE}
configure:1617: result: yes
configure:1742: checking for style of include used by make
configure:1769: result: GNU
configure:1783: checking for i386-linux-g++
configure:1806: result: g++
configure:1860: checking for C++ compiler version
configure:1863: g++ --version </dev/null >&5
2.95.3
configure:1866: $? = 0
configure:1868: g++ -v </dev/null >&5
Reading specs from /usr/lib/gcc-lib/i486-suse-linux/2.95.3/specs
gcc version 2.95.3 20010315 (SuSE)
configure:1871: $? = 0
configure:1873: g++ -V </dev/null >&5
g++: argument to `-V' missing

configure:1876: $? = 1
configure:1879: checking whether we are using the GNU C++ compiler
configure:1900: g++ -c   conftest.cc >&5
configure:1903: $? = 0
configure:1906: test -s conftest.
configure:1909: $? = 1
configure: failed program was:
#line 1885 "configure"
#include "confdefs.h"

int
main ()
{
#ifndef __GNUC__
       choke me
#endif

  ;
  return 0;
}
configure:1921: result: no
configure:1927: checking whether g++ accepts -g
configure:1945: g++ -c -g  conftest.cc >&5
configure:1948: $? = 0
configure:1951: test -s conftest.
configure:1954: $? = 1
configure: failed program was:
#line 1933 "configure"
#include "confdefs.h"

int
main ()
{

  ;
  return 0;
}
configure:1964: result: no
configure:2004: g++ -c   conftest.cc >&5
configure:2007: $? = 0
configure:2010: test -s conftest.
configure:2013: $? = 1
configure: failed program was:
#line 1991 "configure"
#include "confdefs.h"
#include <stdlib.h>

int
main ()
{
exit (42);
  ;
  return 0;
}
configure:2004: g++ -c   conftest.cc >&5
configure:2007: $? = 0
configure:2010: test -s conftest.
configure:2013: $? = 1
configure: failed program was:
#line 1991 "configure"
#include "confdefs.h"
#include <stdlib.h>
#include <stdlib.h>
int
main ()
{
exit (42);
  ;
  return 0;
}
configure:2004: g++ -c   conftest.cc >&5
configure:2007: $? = 0
configure:2010: test -s conftest.
configure:2013: $? = 1
configure: failed program was:
#line 1991 "configure"
#include "confdefs.h"
#include <stdlib.h>
extern "C" void std::exit (int) throw (); using std::exit;
int
main ()
{
exit (42);
  ;
  return 0;
}
configure:2004: g++ -c   conftest.cc >&5
configure:2007: $? = 0
configure:2010: test -s conftest.
configure:2013: $? = 1
configure: failed program was:
#line 1991 "configure"
#include "confdefs.h"
#include <stdlib.h>
extern "C" void std::exit (int); using std::exit;
int
main ()
{
exit (42);
  ;
  return 0;
}
configure:2004: g++ -c   conftest.cc >&5
configure:2007: $? = 0
configure:2010: test -s conftest.
configure:2013: $? = 1
configure: failed program was:
#line 1991 "configure"
#include "confdefs.h"
#include <stdlib.h>
extern "C" void exit (int) throw ();
int
main ()
{
exit (42);
  ;
  return 0;
}
configure:2004: g++ -c   conftest.cc >&5
configure:2007: $? = 0
configure:2010: test -s conftest.
configure:2013: $? = 1
configure: failed program was:
#line 1991 "configure"
#include "confdefs.h"
#include <stdlib.h>
extern "C" void exit (int);
int
main ()
{
exit (42);
  ;
  return 0;
}
configure:2004: g++ -c   conftest.cc >&5
configure:2007: $? = 0
configure:2010: test -s conftest.
configure:2013: $? = 1
configure: failed program was:
#line 1991 "configure"
#include "confdefs.h"
#include <stdlib.h>
void exit (int);
int
main ()
{
exit (42);
  ;
  return 0;
}
configure:2068: checking dependency style of g++
configure:2130: result: gcc
configure:2191: checking for i386-linux-gcc
configure:2214: result: gcc
configure:2477: checking for C compiler version
configure:2480: gcc --version </dev/null >&5
2.95.3
configure:2483: $? = 0
configure:2485: gcc -v </dev/null >&5
Reading specs from /usr/lib/gcc-lib/i486-suse-linux/2.95.3/specs
gcc version 2.95.3 20010315 (SuSE)
configure:2488: $? = 0
configure:2490: gcc -V </dev/null >&5
gcc: argument to `-V' is missing
configure:2493: $? = 1
configure:2513: checking for C compiler default output
configure:2516: gcc   -O0 -g3 -Wall    conftest.c  >&5
configure:2519: $? = 0
configure:2548: result: a.out
configure:2553: checking whether the C compiler works
configure:2559: ./a.out
configure:2562: $? = 0
configure:2577: result: yes
configure:2584: checking whether we are cross compiling
configure:2586: result: no
configure:2589: checking for executable suffix
configure:2591: gcc -o conftest   -O0 -g3 -Wall    conftest.c  >&5
configure:2594: $? = 0
configure:2616: result: 
configure:2622: checking for object suffix
configure:2640: gcc -c   -O0 -g3 -Wall   conftest.c >&5
configure:2643: $? = 0
configure:2662: result: o
configure:2666: checking whether we are using the GNU C compiler
configure:2687: gcc -c   -O0 -g3 -Wall   conftest.c >&5
configure:2690: $? = 0
configure:2693: test -s conftest.o
configure:2696: $? = 0
configure:2708: result: yes
configure:2714: checking whether gcc accepts -g
configure:2732: gcc -c -g  conftest.c >&5
configure:2735: $? = 0
configure:2738: test -s conftest.o
configure:2741: $? = 0
configure:2751: result: yes
configure:2778: gcc -c   -O0 -g3 -Wall   conftest.c >&5
conftest.c:2: parse error before `me'
configure:2781: $? = 1
configure: failed program was:
#ifndef __cplusplus
  choke me
#endif
configure:2881: checking dependency style of gcc
configure:2943: result: gcc
configure:3056: checking how to run the C preprocessor
configure:3158: result: cpp
configure:3173: cpp  conftest.c
configure:3179: $? = 0
configure:3206: cpp  conftest.c
configure:3203: ac_nonexistent.h: No such file or directory
configure:3212: $? = 1
configure: failed program was:
#line 3202 "configure"
#include "confdefs.h"
#include <ac_nonexistent.h>
configure:3280: checking whether g++ supports -frepo
configure:3310: rm -rf SunWS_cache; g++ -o conftest  -frepo   conftest.cc  1>&5
conftest.cc:0: warning: -frepo must be used with -c
configure:3313: $? = 0
configure:3316: test -s conftest
configure:3319: $? = 0
configure:3337: result: yes
configure:3543: checking for ld used by GCC
configure:3607: result: /usr/i486-suse-linux/bin/ld
configure:3616: checking if the linker (/usr/i486-suse-linux/bin/ld) is GNU ld
GNU ld version 2.10.91 (with BFD 2.10.91.0.4)
configure:3628: result: yes
configure:3632: checking for /usr/i486-suse-linux/bin/ld option to reload object files
configure:3639: result: -r
configure:3648: checking for BSD-compatible nm
configure:3683: result: nm
configure:3687: checking for a sed that does not truncate output
configure:3763: result: 
configure:3766: checking whether ln -s works
configure:3770: result: yes
configure:3777: checking how to recognise dependant libraries
configure:3964: result: pass_all
configure:4097: checking for dlfcn.h
configure:4107: cpp  conftest.c
configure:4113: $? = 0
configure:4132: result: yes
configure:4147: checking how to run the C++ preprocessor
configure:4169: g++ -E  conftest.cc
configure:4175: $? = 0
configure:4202: g++ -E  conftest.cc
configure:4199: ac_nonexistent.h: No such file or directory
configure:4208: $? = 1
configure: failed program was:
#line 4198 "configure"
#include "confdefs.h"
#include <ac_nonexistent.h>
configure:4245: result: g++ -E
configure:4260: g++ -E  conftest.cc
configure:4266: $? = 0
configure:4293: g++ -E  conftest.cc
configure:4290: ac_nonexistent.h: No such file or directory
configure:4299: $? = 1
configure: failed program was:
#line 4289 "configure"
#include "confdefs.h"
#include <ac_nonexistent.h>
configure:4341: checking the maximum length of command line arguments
configure:4389: result: 32768
configure:4397: checking command to parse nm output from gcc object
configure:4482: g++ -c   conftest.cc >&5
configure:4485: $? = 0
configure:4489: nm conftest.o \| sed -n -e 's/^.*[ 	]\([ABCDGISTW][ABCDGISTW]*\)[ 	][ 	]*\(\)\([_A-Za-z][_A-Za-z0-9]*\)$/\1 \2\3 \3/p' \> conftest.nm
configure:4492: $? = 0
configure:4544: g++ -o conftest    conftest.cc conftstm.o >&5
configure:4547: $? = 0
configure:4585: result: ok
configure:4589: checking for objdir
configure:4604: result: .libs
configure:4652: checking for i386-linux-ranlib
configure:4678: result: no
configure:4687: checking for ranlib
configure:4702: found /usr/bin/ranlib
configure:4711: result: ranlib
configure:4726: checking for i386-linux-strip
configure:4752: result: no
configure:4761: checking for strip
configure:4776: found /usr/bin/strip
configure:4785: result: strip
configure:5042: checking if gcc static flag  works
conftest.c:1: warning: return-type defaults to `int'
configure:5065: result: no
configure:5079: checking if gcc supports -fno-rtti -fno-exceptions
configure:5103: result: yes
configure:5118: checking for gcc option to produce PIC
configure:5271: result: -fPIC
configure:5278: checking if gcc PIC flag -fPIC works
configure:5302: result: yes
configure:5326: checking if gcc supports -c -o file.o
configure:5367: result: yes
configure:5392: checking whether the gcc linker (/usr/i486-suse-linux/bin/ld) supports shared libraries
configure:6165: result: yes
configure:6187: checking whether -lc should be explicitly linked in
configure:6192: gcc -c -O2   -O0 -g3 -Wall   conftest.c >&5
conftest.c:1: warning: `dummy' defined but not used
configure:6195: $? = 0
configure:6209: gcc -shared conftest.o  -v -Wl,-soname -Wl,conftest -o conftest 2\>\&1 \| grep  -lc  \>/dev/null 2\>\&1
configure:6212: $? = 0
configure:6224: result: no
configure:6230: checking how to hardcode library paths into programs
configure:6254: result: immediate
configure:6268: checking whether stripping libraries is possible
configure:6273: result: yes
configure:6280: checking dynamic linker characteristics
configure:6722: result: GNU/Linux ld.so
configure:6747: checking for shl_load
configure:6784: gcc -o conftest -O2   -O0 -g3 -Wall    conftest.c  >&5
/tmp/cc8dpzmB.o: In function `main':
/home/cybop/configure:6775: undefined reference to `shl_load'
collect2: ld returned 1 exit status
configure:6787: $? = 1
configure: failed program was:
#line 6753 "configure"
#include "confdefs.h"
/* System header to define __stub macros and hopefully few prototypes,
    which can conflict with char shl_load (); below.  */
#include <assert.h>
/* Override any gcc2 internal prototype to avoid an error.  */
#ifdef __cplusplus
extern "C"
#endif
/* We use char because int might match the return type of a gcc2
   builtin and then its argument prototype would still apply.  */
char shl_load ();
char (*f) ();

int
main ()
{
/* The GNU C library defines this for functions which it implements
    to always fail with ENOSYS.  Some functions are actually named
    something starting with __ and the normal name is an alias.  */
#if defined (__stub_shl_load) || defined (__stub___shl_load)
choke me
#else
f = shl_load;
#endif

  ;
  return 0;
}
configure:6803: result: no
configure:6808: checking for shl_load in -ldld
configure:6835: gcc -o conftest -O2   -O0 -g3 -Wall    conftest.c -ldld   >&5
/usr/i486-suse-linux/bin/ld: cannot find -ldld
collect2: ld returned 1 exit status
configure:6838: $? = 1
configure: failed program was:
#line 6816 "configure"
#include "confdefs.h"

/* Override any gcc2 internal prototype to avoid an error.  */
#ifdef __cplusplus
extern "C"
#endif
/* We use char because int might match the return type of a gcc2
   builtin and then its argument prototype would still apply.  */
char shl_load ();
int
main ()
{
shl_load ();
  ;
  return 0;
}
configure:6855: result: no
configure:6860: checking for dlopen
configure:6897: gcc -o conftest -O2   -O0 -g3 -Wall    conftest.c  >&5
/tmp/ccYNebe9.o: In function `main':
/home/cybop/configure:6888: undefined reference to `dlopen'
collect2: ld returned 1 exit status
configure:6900: $? = 1
configure: failed program was:
#line 6866 "configure"
#include "confdefs.h"
/* System header to define __stub macros and hopefully few prototypes,
    which can conflict with char dlopen (); below.  */
#include <assert.h>
/* Override any gcc2 internal prototype to avoid an error.  */
#ifdef __cplusplus
extern "C"
#endif
/* We use char because int might match the return type of a gcc2
   builtin and then its argument prototype would still apply.  */
char dlopen ();
char (*f) ();

int
main ()
{
/* The GNU C library defines this for functions which it implements
    to always fail with ENOSYS.  Some functions are actually named
    something starting with __ and the normal name is an alias.  */
#if defined (__stub_dlopen) || defined (__stub___dlopen)
choke me
#else
f = dlopen;
#endif

  ;
  return 0;
}
configure:6916: result: no
configure:6921: checking for dlopen in -ldl
configure:6948: gcc -o conftest -O2   -O0 -g3 -Wall    conftest.c -ldl   >&5
configure:6951: $? = 0
configure:6954: test -s conftest
configure:6957: $? = 0
configure:6968: result: yes
configure:7108: checking whether a program can dlopen itself
configure:7180: gcc -o conftest -O2   -O0 -g3 -Wall   -DHAVE_DLFCN_H  -Wl,--export-dynamic conftest.c -ldl  >&5
configure: In function `fnord':
configure:7163: warning: unused variable `i'
configure:7183: $? = 0
configure:7200: result: yes
configure:7205: checking whether a statically linked program can dlopen itself
configure:7277: gcc -o conftest -O2   -O0 -g3 -Wall   -DHAVE_DLFCN_H  -Wl,--export-dynamic  conftest.c -ldl  >&5
configure: In function `fnord':
configure:7260: warning: unused variable `i'
configure:7280: $? = 0
configure:7297: result: yes
configure:7319: checking if libtool supports shared libraries
configure:7321: result: yes
configure:7324: checking whether to build shared libraries
configure:7345: result: yes
configure:7348: checking whether to build static libraries
configure:7352: result: no
configure:7431: creating libtool
configure:8149: checking whether the g++ linker (/usr/i486-suse-linux/bin/ld) supports shared libraries
configure:8794: result: yes
configure:8810: g++ -c   conftest.cc >&5
configure:8813: $? = 0
configure:8913: checking for g++ option to produce PIC
configure:9149: result: 
configure:9204: checking if g++ supports -c -o file.o
configure:9245: result: yes
configure:9270: checking whether the g++ linker (/usr/i486-suse-linux/bin/ld) supports shared libraries
configure:9292: result: yes
configure:9357: checking how to hardcode library paths into programs
configure:9381: result: immediate
configure:9395: checking whether stripping libraries is possible
configure:9400: result: yes
configure:9407: checking dynamic linker characteristics
configure:9849: result: GNU/Linux ld.so
configure:9874: checking for shl_load
configure:9930: result: no
configure:9935: checking for shl_load in -ldld
configure:9982: result: no
configure:9987: checking for dlopen
configure:10043: result: no
configure:10048: checking for dlopen in -ldl
configure:10095: result: yes
configure:10235: checking whether a program can dlopen itself
configure:10327: result: yes
configure:10332: checking whether a statically linked program can dlopen itself
configure:10424: result: yes
configure:10856: checking if gcj supports -fno-rtti -fno-exceptions
configure:10880: result: yes
configure:10895: checking for gcj option to produce PIC
configure:11048: result: -fPIC
configure:11055: checking if gcj PIC flag -fPIC works
configure:11079: result: yes
configure:11103: checking if gcj supports -c -o file.o
configure:11144: result: no
configure:11169: checking whether the gcj linker (/usr/i486-suse-linux/bin/ld) supports shared libraries
configure:11942: result: no
configure:12007: checking how to hardcode library paths into programs
configure:12031: result: immediate
configure:12045: checking whether stripping libraries is possible
configure:12050: result: yes
configure:12057: checking dynamic linker characteristics
configure:12499: result: GNU/Linux ld.so
configure:12524: checking for shl_load
configure:12580: result: no
configure:12585: checking for shl_load in -ldld
configure:12632: result: no
configure:12637: checking for dlopen
configure:12693: result: no
configure:12698: checking for dlopen in -ldl
configure:12745: result: yes
configure:12885: checking whether a program can dlopen itself
configure:12977: result: yes
configure:12982: checking whether a statically linked program can dlopen itself
configure:13074: result: yes
configure:13919: checking the maximum length of command line arguments
configure:13967: result: 32768
configure:13975: checking command to parse nm output from gcj object
configure:14163: result: ok
configure:14167: checking for objdir
configure:14182: result: .libs
configure:14230: checking for i386-linux-ranlib
configure:14253: result: ranlib
configure:14304: checking for i386-linux-strip
configure:14327: result: strip
configure:14620: checking if gcc static flag -static works
configure:14643: result: no
configure:14657: checking if gcc supports -fno-rtti -fno-exceptions
configure:14681: result: yes
configure:14696: checking for gcc option to produce PIC
configure:14849: result: -fPIC
configure:14856: checking if gcc PIC flag -fPIC works
configure:14880: result: yes
configure:14904: checking if gcc supports -c -o file.o
configure:14945: result: yes
configure:14970: checking whether the gcc linker (/usr/i486-suse-linux/bin/ld) supports shared libraries
configure:15743: result: yes
configure:15765: checking whether -lc should be explicitly linked in
configure:15770: gcc -c -O2   -O0 -g3 -Wall   conftest.c >&5
conftest.c:1: warning: `dummy' defined but not used
configure:15773: $? = 0
configure:15787: gcc -shared conftest.o  -v -Wl,-soname -Wl,conftest -o conftest 2\>\&1 \| grep  -lc  \>/dev/null 2\>\&1
configure:15790: $? = 0
configure:15802: result: no
configure:15808: checking how to hardcode library paths into programs
configure:15832: result: immediate
configure:15846: checking whether stripping libraries is possible
configure:15851: result: yes
configure:15858: checking dynamic linker characteristics
configure:16300: result: GNU/Linux ld.so
configure:16325: checking for shl_load
configure:16381: result: no
configure:16386: checking for shl_load in -ldld
configure:16433: result: no
configure:16438: checking for dlopen
configure:16494: result: no
configure:16499: checking for dlopen in -ldl
configure:16546: result: yes
configure:16686: checking whether a program can dlopen itself
configure:16778: result: yes
configure:16783: checking whether a statically linked program can dlopen itself
configure:16875: result: yes
configure:16897: checking if libtool supports shared libraries
configure:16899: result: yes
configure:16902: checking whether to build shared libraries
configure:16923: result: yes
configure:16926: checking whether to build static libraries
configure:16930: result: no
configure:17009: creating libtool
configure:17727: checking whether the g++ linker (/usr/i486-suse-linux/bin/ld) supports shared libraries
configure:18372: result: yes
configure:18388: g++ -c   conftest.cc >&5
configure:18391: $? = 0
configure:18491: checking for g++ option to produce PIC
configure:18727: result: 
configure:18782: checking if g++ supports -c -o file.o
configure:18823: result: yes
configure:18848: checking whether the g++ linker (/usr/i486-suse-linux/bin/ld) supports shared libraries
configure:18870: result: yes
configure:18935: checking how to hardcode library paths into programs
configure:18959: result: immediate
configure:18973: checking whether stripping libraries is possible
configure:18978: result: yes
configure:18985: checking dynamic linker characteristics
configure:19427: result: GNU/Linux ld.so
configure:19452: checking for shl_load
configure:19508: result: no
configure:19513: checking for shl_load in -ldld
configure:19560: result: no
configure:19565: checking for dlopen
configure:19621: result: no
configure:19626: checking for dlopen in -ldl
configure:19673: result: yes
configure:19813: checking whether a program can dlopen itself
configure:19905: result: yes
configure:19910: checking whether a statically linked program can dlopen itself
configure:20002: result: yes
configure:20434: checking if gcj supports -fno-rtti -fno-exceptions
configure:20458: result: yes
configure:20473: checking for gcj option to produce PIC
configure:20626: result: -fPIC
configure:20633: checking if gcj PIC flag -fPIC works
configure:20657: result: yes
configure:20681: checking if gcj supports -c -o file.o
configure:20722: result: no
configure:20747: checking whether the gcj linker (/usr/i486-suse-linux/bin/ld) supports shared libraries
configure:21520: result: no
configure:21585: checking how to hardcode library paths into programs
configure:21609: result: immediate
configure:21623: checking whether stripping libraries is possible
configure:21628: result: yes
configure:21635: checking dynamic linker characteristics
configure:22077: result: GNU/Linux ld.so
configure:22102: checking for shl_load
configure:22158: result: no
configure:22163: checking for shl_load in -ldld
configure:22210: result: no
configure:22215: checking for dlopen
configure:22271: result: no
configure:22276: checking for dlopen in -ldl
configure:22323: result: yes
configure:22463: checking whether a program can dlopen itself
configure:22555: result: yes
configure:22560: checking whether a statically linked program can dlopen itself
configure:22652: result: yes
configure:23477: checking for extra includes
configure:23504: result: no
configure:23508: checking for extra libs
configure:23535: result: no
configure:23559: checking if cybop should be compiled
configure:23571: result: yes
configure:23668: creating ./config.status

## ----------------------- ##
## Running config.status.  ##
## ----------------------- ##

This file was extended by config.status 2.52, executed with
  CONFIG_FILES    = 
  CONFIG_HEADERS  = 
  CONFIG_LINKS    = 
  CONFIG_COMMANDS = 
  > ./config.status 
on pi24

config.status:24273: creating config.h
config.status:24414: config.h is unchanged

## ----------------- ##
## Cache variables.  ##
## ----------------- ##

ac_cv_build=i386-pc-linux-gnu
ac_cv_build_alias=i386-linux
ac_cv_c_compiler_gnu=yes
ac_cv_cxx_compiler_gnu=no
ac_cv_env_CC_set=set
ac_cv_env_CC_value=gcc
ac_cv_env_CFLAGS_set=set
ac_cv_env_CFLAGS_value=$' -O0 -g3 -Wall '
ac_cv_env_CPPFLAGS_set=set
ac_cv_env_CPPFLAGS_value=
ac_cv_env_CPP_set=set
ac_cv_env_CPP_value=cpp
ac_cv_env_CXXCPP_set=
ac_cv_env_CXXCPP_value=
ac_cv_env_CXXFLAGS_set=
ac_cv_env_CXXFLAGS_value=
ac_cv_env_CXX_set=set
ac_cv_env_CXX_value=g++
ac_cv_env_LDFLAGS_set=set
ac_cv_env_LDFLAGS_value=
ac_cv_env_build_alias_set=set
ac_cv_env_build_alias_value=i386-linux
ac_cv_env_host_alias_set=set
ac_cv_env_host_alias_value=i386-linux
ac_cv_env_target_alias_set=set
ac_cv_env_target_alias_value=i386-linux
ac_cv_func_dlopen=no
ac_cv_func_shl_load=no
ac_cv_header_dlfcn_h=yes
ac_cv_host=i386-pc-linux-gnu
ac_cv_host_alias=i386-linux
ac_cv_lib_dl_dlopen=yes
ac_cv_lib_dld_shl_load=no
ac_cv_objext=o
ac_cv_path_install=$'/usr/bin/ginstall -c'
ac_cv_prog_AWK=gawk
ac_cv_prog_CC=gcc
ac_cv_prog_CPP=cpp
ac_cv_prog_CXX=g++
ac_cv_prog_CXXCPP=$'g++ -E'
ac_cv_prog_RANLIB=ranlib
ac_cv_prog_STRIP=strip
ac_cv_prog_ac_ct_RANLIB=ranlib
ac_cv_prog_ac_ct_STRIP=strip
ac_cv_prog_cc_g=yes
ac_cv_prog_cxx_g=no
ac_cv_prog_make_make_set=yes
ac_cv_target=i386-pc-linux-gnu
ac_cv_target_alias=i386-linux
am_cv_CC_dependencies_compiler_type=gcc
am_cv_CXX_dependencies_compiler_type=gcc
kde_cv_prog_cxx_frepo=yes
lt_cv_deplibs_check_method=pass_all
lt_cv_dlopen=dlopen
lt_cv_dlopen_libs=-ldl
lt_cv_dlopen_self=yes
lt_cv_dlopen_self_static=yes
lt_cv_file_magic_cmd=$'$MAGIC_CMD'
lt_cv_file_magic_test_file=$'/lib/libc.so.4 /lib/libc.so.4.7.6 /lib/libc.so.6 /lib/libc-*.so'
lt_cv_ld_reload_flag=-r
lt_cv_objdir=.libs
lt_cv_path_LD=/usr/i486-suse-linux/bin/ld
lt_cv_path_NM=nm
lt_cv_path_SED=/usr/bin/sed
lt_cv_prog_compiler_c_o=yes
lt_cv_prog_compiler_c_o_CXX=yes
lt_cv_prog_compiler_c_o_GCJ=no
lt_cv_prog_compiler_rtti_exceptions=yes
lt_cv_prog_gnu_ld=yes
lt_cv_sys_global_symbol_pipe=$'sed -n -e \'s/^.*[ \t]\\([ABCDGISTW][ABCDGISTW]*\\)[ \t][ \t]*\\(\\)\\([_A-Za-z][_A-Za-z0-9]*\\)$/\\1 \\2\\3 \\3/p\''
lt_cv_sys_global_symbol_to_c_name_address=$'sed -n -e \'s/^: \\([^ ]*\\) $/  {\\"\\1\\", (lt_ptr) 0},/p\' -e \'s/^[BCDEGRST] \\([^ ]*\\) \\([^ ]*\\)$/  {"\\2", (lt_ptr) \\&\\2},/p\''
lt_cv_sys_global_symbol_to_cdecl=$'sed -n -e \'s/^. .* \\(.*\\)$/extern int \\1;/p\''
lt_cv_sys_max_cmd_len=32768
lt_lt_cv_prog_compiler_c_o=$'"yes"'
lt_lt_cv_prog_compiler_c_o_CXX=$'"yes"'
lt_lt_cv_prog_compiler_c_o_GCJ=$'"no"'
lt_lt_cv_sys_global_symbol_pipe=$'"sed -n -e \'s/^.*[ \t]\\\\([ABCDGISTW][ABCDGISTW]*\\\\)[ \t][ \t]*\\\\(\\\\)\\\\([_A-Za-z][_A-Za-z0-9]*\\\\)\\$/\\\\1 \\\\2\\\\3 \\\\3/p\'"'
lt_lt_cv_sys_global_symbol_to_c_name_address=$'"sed -n -e \'s/^: \\\\([^ ]*\\\\) \\$/  {\\\\\\"\\\\1\\\\\\", (lt_ptr) 0},/p\' -e \'s/^[BCDEGRST] \\\\([^ ]*\\\\) \\\\([^ ]*\\\\)\\$/  {\\"\\\\2\\", (lt_ptr) \\\\&\\\\2},/p\'"'
lt_lt_cv_sys_global_symbol_to_cdecl=$'"sed -n -e \'s/^. .* \\\\(.*\\\\)\\$/extern int \\\\1;/p\'"'

## ------------ ##
## confdefs.h.  ##
## ------------ ##

#define PACKAGE "cybop"
#define VERSION "0.1.0.0"
#ifdef __cplusplus
void exit (int);
#endif
#define HAVE_TEMPLATE_REPOSITORY 1
#define HAVE_DLFCN_H 1


configure: exit 0

## ----------------------- ##
## Running config.status.  ##
## ----------------------- ##

This file was extended by config.status 2.52, executed with
  CONFIG_FILES    = 
  CONFIG_HEADERS  = config.h
  CONFIG_LINKS    = 
  CONFIG_COMMANDS = 
  > ./config.status 
on pi24

config.status:24273: creating config.h
config.status:24414: config.h is unchanged

## ----------------------- ##
## Running config.status.  ##
## ----------------------- ##

This file was extended by config.status 2.52, executed with
  CONFIG_FILES    = Makefile
  CONFIG_HEADERS  = 
  CONFIG_LINKS    = 
  CONFIG_COMMANDS = 
  > ./config.status 
on pi24


## ----------------------- ##
## Running config.status.  ##
## ----------------------- ##

This file was extended by config.status 2.52, executed with
  CONFIG_FILES    = cybop/Makefile
  CONFIG_HEADERS  = 
  CONFIG_LINKS    = 
  CONFIG_COMMANDS = 
  > ./config.status 
on pi24


## ----------------------- ##
## Running config.status.  ##
## ----------------------- ##

This file was extended by config.status 2.52, executed with
  CONFIG_FILES    = cybop/docs/Makefile
  CONFIG_HEADERS  = 
  CONFIG_LINKS    = 
  CONFIG_COMMANDS = 
  > ./config.status 
on pi24


## ----------------------- ##
## Running config.status.  ##
## ----------------------- ##

This file was extended by config.status 2.52, executed with
  CONFIG_FILES    = cybop/docs/en/Makefile
  CONFIG_HEADERS  = 
  CONFIG_LINKS    = 
  CONFIG_COMMANDS = 
  > ./config.status 
on pi24

